<?xml version="1.0" encoding="UTF-8"?>
<testsuite xmlns:xsi="http://www.w3.org/2001/XMLSchema-instance" xsi:noNamespaceSchemaLocation="https://maven.apache.org/surefire/maven-surefire-plugin/xsd/surefire-test-report-3.0.xsd" version="3.0" name="com.emall.common.CommonApplicationTests" time="2.635" tests="1" errors="0" skipped="0" failures="0">
  <properties>
    <property name="java.specification.version" value="17"/>
    <property name="sun.cpu.isalist" value="amd64"/>
    <property name="sun.jnu.encoding" value="GBK"/>
    <property name="java.class.path" value="C:\Users\Nekozn\IdeaProjects\Emall\common\target\test-classes;C:\Users\Nekozn\IdeaProjects\Emall\common\target\classes;X:\IntelliJ IDEA 2023.1.5\.m2\repository\org\springframework\boot\spring-boot-starter\3.3.3\spring-boot-starter-3.3.3.jar;X:\IntelliJ IDEA 2023.1.5\.m2\repository\org\springframework\boot\spring-boot\3.3.3\spring-boot-3.3.3.jar;X:\IntelliJ IDEA 2023.1.5\.m2\repository\org\springframework\spring-context\6.1.12\spring-context-6.1.12.jar;X:\IntelliJ IDEA 2023.1.5\.m2\repository\org\springframework\spring-aop\6.1.12\spring-aop-6.1.12.jar;X:\IntelliJ IDEA 2023.1.5\.m2\repository\org\springframework\spring-beans\6.1.12\spring-beans-6.1.12.jar;X:\IntelliJ IDEA 2023.1.5\.m2\repository\org\springframework\spring-expression\6.1.12\spring-expression-6.1.12.jar;X:\IntelliJ IDEA 2023.1.5\.m2\repository\io\micrometer\micrometer-observation\1.13.3\micrometer-observation-1.13.3.jar;X:\IntelliJ IDEA 2023.1.5\.m2\repository\io\micrometer\micrometer-commons\1.13.3\micrometer-commons-1.13.3.jar;X:\IntelliJ IDEA 2023.1.5\.m2\repository\org\springframework\boot\spring-boot-autoconfigure\3.3.3\spring-boot-autoconfigure-3.3.3.jar;X:\IntelliJ IDEA 2023.1.5\.m2\repository\org\springframework\boot\spring-boot-starter-logging\3.3.3\spring-boot-starter-logging-3.3.3.jar;X:\IntelliJ IDEA 2023.1.5\.m2\repository\ch\qos\logback\logback-classic\1.5.7\logback-classic-1.5.7.jar;X:\IntelliJ IDEA 2023.1.5\.m2\repository\ch\qos\logback\logback-core\1.5.7\logback-core-1.5.7.jar;X:\IntelliJ IDEA 2023.1.5\.m2\repository\org\apache\logging\log4j\log4j-to-slf4j\2.23.1\log4j-to-slf4j-2.23.1.jar;X:\IntelliJ IDEA 2023.1.5\.m2\repository\org\apache\logging\log4j\log4j-api\2.23.1\log4j-api-2.23.1.jar;X:\IntelliJ IDEA 2023.1.5\.m2\repository\org\slf4j\jul-to-slf4j\2.0.16\jul-to-slf4j-2.0.16.jar;X:\IntelliJ IDEA 2023.1.5\.m2\repository\jakarta\annotation\jakarta.annotation-api\2.1.1\jakarta.annotation-api-2.1.1.jar;X:\IntelliJ IDEA 2023.1.5\.m2\repository\org\springframework\spring-core\6.1.12\spring-core-6.1.12.jar;X:\IntelliJ IDEA 2023.1.5\.m2\repository\org\springframework\spring-jcl\6.1.12\spring-jcl-6.1.12.jar;X:\IntelliJ IDEA 2023.1.5\.m2\repository\org\yaml\snakeyaml\2.2\snakeyaml-2.2.jar;X:\IntelliJ IDEA 2023.1.5\.m2\repository\org\springframework\boot\spring-boot-starter-test\3.3.3\spring-boot-starter-test-3.3.3.jar;X:\IntelliJ IDEA 2023.1.5\.m2\repository\org\springframework\boot\spring-boot-test\3.3.3\spring-boot-test-3.3.3.jar;X:\IntelliJ IDEA 2023.1.5\.m2\repository\org\springframework\boot\spring-boot-test-autoconfigure\3.3.3\spring-boot-test-autoconfigure-3.3.3.jar;X:\IntelliJ IDEA 2023.1.5\.m2\repository\com\jayway\jsonpath\json-path\2.9.0\json-path-2.9.0.jar;X:\IntelliJ IDEA 2023.1.5\.m2\repository\org\slf4j\slf4j-api\2.0.16\slf4j-api-2.0.16.jar;X:\IntelliJ IDEA 2023.1.5\.m2\repository\jakarta\xml\bind\jakarta.xml.bind-api\4.0.2\jakarta.xml.bind-api-4.0.2.jar;X:\IntelliJ IDEA 2023.1.5\.m2\repository\jakarta\activation\jakarta.activation-api\2.1.3\jakarta.activation-api-2.1.3.jar;X:\IntelliJ IDEA 2023.1.5\.m2\repository\net\minidev\json-smart\2.5.1\json-smart-2.5.1.jar;X:\IntelliJ IDEA 2023.1.5\.m2\repository\net\minidev\accessors-smart\2.5.1\accessors-smart-2.5.1.jar;X:\IntelliJ IDEA 2023.1.5\.m2\repository\org\ow2\asm\asm\9.6\asm-9.6.jar;X:\IntelliJ IDEA 2023.1.5\.m2\repository\org\assertj\assertj-core\3.25.3\assertj-core-3.25.3.jar;X:\IntelliJ IDEA 2023.1.5\.m2\repository\net\bytebuddy\byte-buddy\1.14.19\byte-buddy-1.14.19.jar;X:\IntelliJ IDEA 2023.1.5\.m2\repository\org\awaitility\awaitility\4.2.2\awaitility-4.2.2.jar;X:\IntelliJ IDEA 2023.1.5\.m2\repository\org\hamcrest\hamcrest\2.2\hamcrest-2.2.jar;X:\IntelliJ IDEA 2023.1.5\.m2\repository\org\junit\jupiter\junit-jupiter\5.10.3\junit-jupiter-5.10.3.jar;X:\IntelliJ IDEA 2023.1.5\.m2\repository\org\junit\jupiter\junit-jupiter-api\5.10.3\junit-jupiter-api-5.10.3.jar;X:\IntelliJ IDEA 2023.1.5\.m2\repository\org\opentest4j\opentest4j\1.3.0\opentest4j-1.3.0.jar;X:\IntelliJ IDEA 2023.1.5\.m2\repository\org\junit\platform\junit-platform-commons\1.10.3\junit-platform-commons-1.10.3.jar;X:\IntelliJ IDEA 2023.1.5\.m2\repository\org\apiguardian\apiguardian-api\1.1.2\apiguardian-api-1.1.2.jar;X:\IntelliJ IDEA 2023.1.5\.m2\repository\org\junit\jupiter\junit-jupiter-params\5.10.3\junit-jupiter-params-5.10.3.jar;X:\IntelliJ IDEA 2023.1.5\.m2\repository\org\junit\jupiter\junit-jupiter-engine\5.10.3\junit-jupiter-engine-5.10.3.jar;X:\IntelliJ IDEA 2023.1.5\.m2\repository\org\junit\platform\junit-platform-engine\1.10.3\junit-platform-engine-1.10.3.jar;X:\IntelliJ IDEA 2023.1.5\.m2\repository\org\mockito\mockito-core\5.11.0\mockito-core-5.11.0.jar;X:\IntelliJ IDEA 2023.1.5\.m2\repository\net\bytebuddy\byte-buddy-agent\1.14.19\byte-buddy-agent-1.14.19.jar;X:\IntelliJ IDEA 2023.1.5\.m2\repository\org\objenesis\objenesis\3.3\objenesis-3.3.jar;X:\IntelliJ IDEA 2023.1.5\.m2\repository\org\mockito\mockito-junit-jupiter\5.11.0\mockito-junit-jupiter-5.11.0.jar;X:\IntelliJ IDEA 2023.1.5\.m2\repository\org\skyscreamer\jsonassert\1.5.3\jsonassert-1.5.3.jar;X:\IntelliJ IDEA 2023.1.5\.m2\repository\com\vaadin\external\google\android-json\0.0.20131108.vaadin1\android-json-0.0.20131108.vaadin1.jar;X:\IntelliJ IDEA 2023.1.5\.m2\repository\org\springframework\spring-test\6.1.12\spring-test-6.1.12.jar;X:\IntelliJ IDEA 2023.1.5\.m2\repository\org\xmlunit\xmlunit-core\2.9.1\xmlunit-core-2.9.1.jar;"/>
    <property name="java.vm.vendor" value="Oracle Corporation"/>
    <property name="sun.arch.data.model" value="64"/>
    <property name="user.variant" value=""/>
    <property name="java.vendor.url" value="https://java.oracle.com/"/>
    <property name="user.timezone" value="Asia/Shanghai"/>
    <property name="os.name" value="Windows 10"/>
    <property name="java.vm.specification.version" value="17"/>
    <property name="sun.java.launcher" value="SUN_STANDARD"/>
    <property name="user.country" value="CN"/>
    <property name="sun.boot.library.path" value="C:\Program Files\Java\jdk-17.0.2\bin"/>
    <property name="sun.java.command" value="C:\Users\Nekozn\AppData\Local\Temp\surefire9048771420618803567\surefirebooter-20240903083112593_3.jar C:\Users\Nekozn\AppData\Local\Temp\surefire9048771420618803567 2024-09-03T08-31-03_473-jvmRun1 surefire-20240903083112593_1tmp surefire_0-20240903083112593_2tmp"/>
    <property name="jdk.debug" value="release"/>
    <property name="surefire.test.class.path" value="C:\Users\Nekozn\IdeaProjects\Emall\common\target\test-classes;C:\Users\Nekozn\IdeaProjects\Emall\common\target\classes;X:\IntelliJ IDEA 2023.1.5\.m2\repository\org\springframework\boot\spring-boot-starter\3.3.3\spring-boot-starter-3.3.3.jar;X:\IntelliJ IDEA 2023.1.5\.m2\repository\org\springframework\boot\spring-boot\3.3.3\spring-boot-3.3.3.jar;X:\IntelliJ IDEA 2023.1.5\.m2\repository\org\springframework\spring-context\6.1.12\spring-context-6.1.12.jar;X:\IntelliJ IDEA 2023.1.5\.m2\repository\org\springframework\spring-aop\6.1.12\spring-aop-6.1.12.jar;X:\IntelliJ IDEA 2023.1.5\.m2\repository\org\springframework\spring-beans\6.1.12\spring-beans-6.1.12.jar;X:\IntelliJ IDEA 2023.1.5\.m2\repository\org\springframework\spring-expression\6.1.12\spring-expression-6.1.12.jar;X:\IntelliJ IDEA 2023.1.5\.m2\repository\io\micrometer\micrometer-observation\1.13.3\micrometer-observation-1.13.3.jar;X:\IntelliJ IDEA 2023.1.5\.m2\repository\io\micrometer\micrometer-commons\1.13.3\micrometer-commons-1.13.3.jar;X:\IntelliJ IDEA 2023.1.5\.m2\repository\org\springframework\boot\spring-boot-autoconfigure\3.3.3\spring-boot-autoconfigure-3.3.3.jar;X:\IntelliJ IDEA 2023.1.5\.m2\repository\org\springframework\boot\spring-boot-starter-logging\3.3.3\spring-boot-starter-logging-3.3.3.jar;X:\IntelliJ IDEA 2023.1.5\.m2\repository\ch\qos\logback\logback-classic\1.5.7\logback-classic-1.5.7.jar;X:\IntelliJ IDEA 2023.1.5\.m2\repository\ch\qos\logback\logback-core\1.5.7\logback-core-1.5.7.jar;X:\IntelliJ IDEA 2023.1.5\.m2\repository\org\apache\logging\log4j\log4j-to-slf4j\2.23.1\log4j-to-slf4j-2.23.1.jar;X:\IntelliJ IDEA 2023.1.5\.m2\repository\org\apache\logging\log4j\log4j-api\2.23.1\log4j-api-2.23.1.jar;X:\IntelliJ IDEA 2023.1.5\.m2\repository\org\slf4j\jul-to-slf4j\2.0.16\jul-to-slf4j-2.0.16.jar;X:\IntelliJ IDEA 2023.1.5\.m2\repository\jakarta\annotation\jakarta.annotation-api\2.1.1\jakarta.annotation-api-2.1.1.jar;X:\IntelliJ IDEA 2023.1.5\.m2\repository\org\springframework\spring-core\6.1.12\spring-core-6.1.12.jar;X:\IntelliJ IDEA 2023.1.5\.m2\repository\org\springframework\spring-jcl\6.1.12\spring-jcl-6.1.12.jar;X:\IntelliJ IDEA 2023.1.5\.m2\repository\org\yaml\snakeyaml\2.2\snakeyaml-2.2.jar;X:\IntelliJ IDEA 2023.1.5\.m2\repository\org\springframework\boot\spring-boot-starter-test\3.3.3\spring-boot-starter-test-3.3.3.jar;X:\IntelliJ IDEA 2023.1.5\.m2\repository\org\springframework\boot\spring-boot-test\3.3.3\spring-boot-test-3.3.3.jar;X:\IntelliJ IDEA 2023.1.5\.m2\repository\org\springframework\boot\spring-boot-test-autoconfigure\3.3.3\spring-boot-test-autoconfigure-3.3.3.jar;X:\IntelliJ IDEA 2023.1.5\.m2\repository\com\jayway\jsonpath\json-path\2.9.0\json-path-2.9.0.jar;X:\IntelliJ IDEA 2023.1.5\.m2\repository\org\slf4j\slf4j-api\2.0.16\slf4j-api-2.0.16.jar;X:\IntelliJ IDEA 2023.1.5\.m2\repository\jakarta\xml\bind\jakarta.xml.bind-api\4.0.2\jakarta.xml.bind-api-4.0.2.jar;X:\IntelliJ IDEA 2023.1.5\.m2\repository\jakarta\activation\jakarta.activation-api\2.1.3\jakarta.activation-api-2.1.3.jar;X:\IntelliJ IDEA 2023.1.5\.m2\repository\net\minidev\json-smart\2.5.1\json-smart-2.5.1.jar;X:\IntelliJ IDEA 2023.1.5\.m2\repository\net\minidev\accessors-smart\2.5.1\accessors-smart-2.5.1.jar;X:\IntelliJ IDEA 2023.1.5\.m2\repository\org\ow2\asm\asm\9.6\asm-9.6.jar;X:\IntelliJ IDEA 2023.1.5\.m2\repository\org\assertj\assertj-core\3.25.3\assertj-core-3.25.3.jar;X:\IntelliJ IDEA 2023.1.5\.m2\repository\net\bytebuddy\byte-buddy\1.14.19\byte-buddy-1.14.19.jar;X:\IntelliJ IDEA 2023.1.5\.m2\repository\org\awaitility\awaitility\4.2.2\awaitility-4.2.2.jar;X:\IntelliJ IDEA 2023.1.5\.m2\repository\org\hamcrest\hamcrest\2.2\hamcrest-2.2.jar;X:\IntelliJ IDEA 2023.1.5\.m2\repository\org\junit\jupiter\junit-jupiter\5.10.3\junit-jupiter-5.10.3.jar;X:\IntelliJ IDEA 2023.1.5\.m2\repository\org\junit\jupiter\junit-jupiter-api\5.10.3\junit-jupiter-api-5.10.3.jar;X:\IntelliJ IDEA 2023.1.5\.m2\repository\org\opentest4j\opentest4j\1.3.0\opentest4j-1.3.0.jar;X:\IntelliJ IDEA 2023.1.5\.m2\repository\org\junit\platform\junit-platform-commons\1.10.3\junit-platform-commons-1.10.3.jar;X:\IntelliJ IDEA 2023.1.5\.m2\repository\org\apiguardian\apiguardian-api\1.1.2\apiguardian-api-1.1.2.jar;X:\IntelliJ IDEA 2023.1.5\.m2\repository\org\junit\jupiter\junit-jupiter-params\5.10.3\junit-jupiter-params-5.10.3.jar;X:\IntelliJ IDEA 2023.1.5\.m2\repository\org\junit\jupiter\junit-jupiter-engine\5.10.3\junit-jupiter-engine-5.10.3.jar;X:\IntelliJ IDEA 2023.1.5\.m2\repository\org\junit\platform\junit-platform-engine\1.10.3\junit-platform-engine-1.10.3.jar;X:\IntelliJ IDEA 2023.1.5\.m2\repository\org\mockito\mockito-core\5.11.0\mockito-core-5.11.0.jar;X:\IntelliJ IDEA 2023.1.5\.m2\repository\net\bytebuddy\byte-buddy-agent\1.14.19\byte-buddy-agent-1.14.19.jar;X:\IntelliJ IDEA 2023.1.5\.m2\repository\org\objenesis\objenesis\3.3\objenesis-3.3.jar;X:\IntelliJ IDEA 2023.1.5\.m2\repository\org\mockito\mockito-junit-jupiter\5.11.0\mockito-junit-jupiter-5.11.0.jar;X:\IntelliJ IDEA 2023.1.5\.m2\repository\org\skyscreamer\jsonassert\1.5.3\jsonassert-1.5.3.jar;X:\IntelliJ IDEA 2023.1.5\.m2\repository\com\vaadin\external\google\android-json\0.0.20131108.vaadin1\android-json-0.0.20131108.vaadin1.jar;X:\IntelliJ IDEA 2023.1.5\.m2\repository\org\springframework\spring-test\6.1.12\spring-test-6.1.12.jar;X:\IntelliJ IDEA 2023.1.5\.m2\repository\org\xmlunit\xmlunit-core\2.9.1\xmlunit-core-2.9.1.jar;"/>
    <property name="sun.cpu.endian" value="little"/>
    <property name="user.home" value="C:\Users\Nekozn"/>
    <property name="user.language" value="zh"/>
    <property name="java.specification.vendor" value="Oracle Corporation"/>
    <property name="java.version.date" value="2022-01-18"/>
    <property name="java.home" value="C:\Program Files\Java\jdk-17.0.2"/>
    <property name="file.separator" value="\"/>
    <property name="basedir" value="C:\Users\Nekozn\IdeaProjects\Emall\common"/>
    <property name="java.vm.compressedOopsMode" value="Zero based"/>
    <property name="line.separator" value="&#10;"/>
    <property name="java.vm.specification.vendor" value="Oracle Corporation"/>
    <property name="java.specification.name" value="Java Platform API Specification"/>
    <property name="FILE_LOG_CHARSET" value="GBK"/>
    <property name="java.awt.headless" value="true"/>
    <property name="surefire.real.class.path" value="C:\Users\Nekozn\AppData\Local\Temp\surefire9048771420618803567\surefirebooter-20240903083112593_3.jar"/>
    <property name="user.script" value=""/>
    <property name="sun.management.compiler" value="HotSpot 64-Bit Tiered Compilers"/>
    <property name="java.runtime.version" value="17.0.2+8-LTS-86"/>
    <property name="user.name" value="Nekozn"/>
    <property name="path.separator" value=";"/>
    <property name="os.version" value="10.0"/>
    <property name="java.runtime.name" value="Java(TM) SE Runtime Environment"/>
    <property name="file.encoding" value="GBK"/>
    <property name="java.vm.name" value="Java HotSpot(TM) 64-Bit Server VM"/>
    <property name="localRepository" value="X:\IntelliJ IDEA 2023.1.5\.m2\repository"/>
    <property name="java.vendor.url.bug" value="https://bugreport.java.com/bugreport/"/>
    <property name="java.io.tmpdir" value="C:\Users\Nekozn\AppData\Local\Temp\"/>
    <property name="idea.version" value="2023.1.5"/>
    <property name="java.version" value="17.0.2"/>
    <property name="user.dir" value="C:\Users\Nekozn\IdeaProjects\Emall\common"/>
    <property name="os.arch" value="amd64"/>
    <property name="java.vm.specification.name" value="Java Virtual Machine Specification"/>
    <property name="PID" value="21340"/>
    <property name="sun.os.patch.level" value=""/>
    <property name="CONSOLE_LOG_CHARSET" value="GBK"/>
    <property name="native.encoding" value="GBK"/>
    <property name="java.library.path" value="C:\Program Files\Java\jdk-17.0.2\bin;C:\Windows\Sun\Java\bin;C:\Windows\system32;C:\Windows;X:\VM Pro\bin\;C:\ProgramData\Oracle\Java\javapath;C:\Program Files\NVIDIA GPU Computing Toolkit\CUDA\v11.8\bin;C:\Program Files\NVIDIA GPU Computing Toolkit\CUDA\v11.8\libnvvp;C:\Program Files (x86)\Common Files\Intel\Shared Libraries\redist\intel64\compiler;C:\Program Files (x86)\Razer Chroma SDK\bin;C:\Program Files\Razer Chroma SDK\bin;C:\Program Files\Common Files\Oracle\Java\javapath;C:\Program Files (x86)\Razer\ChromaBroadcast\bin;C:\Program Files\Razer\ChromaBroadcast\bin;C:\Program Files (x86)\Common Files\Oracle\Java\javapath;C:\Windows\system32;C:\Windows;C:\Windows\System32\Wbem;C:\Windows\System32\WindowsPowerShell\v1.0\;C:\Windows\System32\OpenSSH\;C:\Program Files (x86)\NVIDIA Corporation\PhysX\Common;C:\Program Files\NVIDIA Corporation\NVIDIA NvDLISR;C:\Windows\system32\config\systemprofile\AppData\Local\Microsoft\WindowsApps;C:\Program Files (x86)\Altium Designer Winter 09\System;C:\Program Files\dotnet\;C:\Program Files\NVIDIA Corporation\Nsight Compute 2022.3.0\;X:\ISE\bin\nt64;X:\TESSERACT;C:\Program Files\CMake\bin;C:\Program Files\Java\jdk-1.8\bin;C:\Program Files\Bandizip\;X:\Eclipse for J2EE\apache-tomcat-9.0.80\bin;X:\Eclipse for J2EE\opencv\build\x64\vc16\bin;X:\Eclipse for J2EE\opencv\build\java\x64;C:\Program Files\Java\jdk-1.8\jre\bin;C:\Program Files\Git\cmd;C:\Program Files\Docker\Docker\resources\bin;C:\minikube;C:\Program Files\nodejs\;C:\Program Files\MySQL\MySQL Server 8.0\bin;X:\Python\Scripts\;X:\Python\;C:\Users\Nekozn\AppData\Local\Microsoft\WindowsApps;X:\TESSERACT;X:\Microsoft VS Code\bin;C:\Program Files\Java\jdk-1.8\jre\bin;C:\Program Files\Java\jdk-1.8\bin;X:\Develop\hadoop-3.3.0\bin;X:\Develop\scala-2.12.17\bin;X:\Py 2023.1\bin;;C:\Windows\System32;C:\Users\Nekozn\AppData\Roaming\npm;."/>
    <property name="java.vm.info" value="mixed mode, sharing"/>
    <property name="java.vendor" value="Oracle Corporation"/>
    <property name="java.vm.version" value="17.0.2+8-LTS-86"/>
    <property name="sun.io.unicode.encoding" value="UnicodeLittle"/>
    <property name="maven.repo.local" value="X:\IntelliJ IDEA 2023.1.5\.m2\repository"/>
    <property name="java.class.version" value="61.0"/>
    <property name="LOGGED_APPLICATION_NAME" value="[common] "/>
  </properties>
  <testcase name="contextLoads" classname="com.emall.common.CommonApplicationTests" time="1.206">
    <system-out><![CDATA[08:31:13.468 [main] INFO org.springframework.test.context.support.AnnotationConfigContextLoaderUtils -- Could not detect default configuration classes for test class [com.emall.common.CommonApplicationTests]: CommonApplicationTests does not declare any static, non-private, non-final, nested classes annotated with @Configuration.
08:31:13.589 [main] INFO org.springframework.boot.test.context.SpringBootTestContextBootstrapper -- Found @SpringBootConfiguration com.emall.common.CommonApplication for test class com.emall.common.CommonApplicationTests

  .   ____          _            __ _ _
 /\\ / ___'_ __ _ _(_)_ __  __ _ \ \ \ \
( ( )\___ | '_ | '_| | '_ \/ _` | \ \ \ \
 \\/  ___)| |_)| | | | | || (_| |  ) ) ) )
  '  |____| .__|_| |_|_| |_\__, | / / / /
 =========|_|==============|___/=/_/_/_/

 :: Spring Boot ::                (v3.3.3)

2024-09-03T08:31:14.106+08:00  INFO 21340 --- [common] [           main] c.emall.common.CommonApplicationTests    : Starting CommonApplicationTests using Java 17.0.2 with PID 21340 (started by Nekozn in C:\Users\Nekozn\IdeaProjects\Emall\common)
2024-09-03T08:31:14.108+08:00  INFO 21340 --- [common] [           main] c.emall.common.CommonApplicationTests    : No active profile set, falling back to 1 default profile: "default"
2024-09-03T08:31:14.669+08:00  INFO 21340 --- [common] [           main] c.emall.common.CommonApplicationTests    : Started CommonApplicationTests in 0.878 seconds (process running for 1.984)
]]></system-out>
  </testcase>
</testsuite>